  game1.cpp
D:\大学\プログラミング演習３\report02_18TI052\game1\game1.cpp(17,25): warning C4305: '初期化中': 'double' から 'float' へ切り詰めます。
D:\大学\プログラミング演習３\report02_18TI052\game1\game1.cpp(100,32): warning C4305: '引数': 'double' から 'GLfloat' へ切り詰めます。
D:\大学\プログラミング演習３\report02_18TI052\game1\game1.cpp(108,33): warning C4305: '引数': 'double' から 'GLfloat' へ切り詰めます。
D:\大学\プログラミング演習３\report02_18TI052\game1\game1.cpp(112,33): warning C4305: '引数': 'double' から 'GLfloat' へ切り詰めます。
D:\大学\プログラミング演習３\report02_18TI052\game1\game1.cpp(115,16): warning C4305: '+=': 'double' から 'float' へ切り詰めます。
D:\大学\プログラミング演習３\report02_18TI052\game1\game1.cpp(130,32): warning C4305: '引数': 'double' から 'GLfloat' へ切り詰めます。
D:\大学\プログラミング演習３\report02_18TI052\game1\game1.cpp(138,33): warning C4305: '引数': 'double' から 'GLfloat' へ切り詰めます。
D:\大学\プログラミング演習３\report02_18TI052\game1\game1.cpp(142,32): warning C4305: '引数': 'double' から 'GLfloat' へ切り詰めます。
D:\大学\プログラミング演習３\report02_18TI052\game1\game1.cpp(145,16): warning C4305: '+=': 'double' から 'float' へ切り詰めます。
D:\大学\プログラミング演習３\report02_18TI052\game1\game1.cpp(160,32): warning C4305: '引数': 'double' から 'GLfloat' へ切り詰めます。
D:\大学\プログラミング演習３\report02_18TI052\game1\game1.cpp(168,33): warning C4305: '引数': 'double' から 'GLfloat' へ切り詰めます。
D:\大学\プログラミング演習３\report02_18TI052\game1\game1.cpp(172,32): warning C4305: '引数': 'double' から 'GLfloat' へ切り詰めます。
D:\大学\プログラミング演習３\report02_18TI052\game1\game1.cpp(175,16): warning C4305: '+=': 'double' から 'float' へ切り詰めます。
D:\大学\プログラミング演習３\report02_18TI052\game1\game1.cpp(190,32): warning C4305: '引数': 'double' から 'GLfloat' へ切り詰めます。
D:\大学\プログラミング演習３\report02_18TI052\game1\game1.cpp(198,33): warning C4305: '引数': 'double' から 'GLfloat' へ切り詰めます。
D:\大学\プログラミング演習３\report02_18TI052\game1\game1.cpp(202,32): warning C4305: '引数': 'double' から 'GLfloat' へ切り詰めます。
D:\大学\プログラミング演習３\report02_18TI052\game1\game1.cpp(205,16): warning C4305: '+=': 'double' から 'float' へ切り詰めます。
D:\大学\プログラミング演習３\report02_18TI052\game1\game1.cpp(220,32): warning C4305: '引数': 'double' から 'GLfloat' へ切り詰めます。
D:\大学\プログラミング演習３\report02_18TI052\game1\game1.cpp(228,33): warning C4305: '引数': 'double' から 'GLfloat' へ切り詰めます。
D:\大学\プログラミング演習３\report02_18TI052\game1\game1.cpp(232,32): warning C4305: '引数': 'double' から 'GLfloat' へ切り詰めます。
D:\大学\プログラミング演習３\report02_18TI052\game1\game1.cpp(235,16): warning C4305: '+=': 'double' から 'float' へ切り詰めます。
D:\大学\プログラミング演習３\report02_18TI052\game1\game1.cpp(250,32): warning C4305: '引数': 'double' から 'GLfloat' へ切り詰めます。
D:\大学\プログラミング演習３\report02_18TI052\game1\game1.cpp(258,32): warning C4305: '引数': 'double' から 'GLfloat' へ切り詰めます。
D:\大学\プログラミング演習３\report02_18TI052\game1\game1.cpp(262,33): warning C4305: '引数': 'double' から 'GLfloat' へ切り詰めます。
D:\大学\プログラミング演習３\report02_18TI052\game1\game1.cpp(265,16): warning C4305: '+=': 'double' から 'float' へ切り詰めます。
D:\大学\プログラミング演習３\report02_18TI052\game1\game1.cpp(280,32): warning C4305: '引数': 'double' から 'GLfloat' へ切り詰めます。
D:\大学\プログラミング演習３\report02_18TI052\game1\game1.cpp(284,33): warning C4305: '引数': 'double' から 'GLfloat' へ切り詰めます。
D:\大学\プログラミング演習３\report02_18TI052\game1\game1.cpp(288,33): warning C4305: '引数': 'double' から 'GLfloat' へ切り詰めます。
D:\大学\プログラミング演習３\report02_18TI052\game1\game1.cpp(292,32): warning C4305: '引数': 'double' から 'GLfloat' へ切り詰めます。
D:\大学\プログラミング演習３\report02_18TI052\game1\game1.cpp(295,16): warning C4305: '+=': 'double' から 'float' へ切り詰めます。
D:\大学\プログラミング演習３\report02_18TI052\game1\game1.cpp(311,32): warning C4305: '引数': 'double' から 'GLfloat' へ切り詰めます。
D:\大学\プログラミング演習３\report02_18TI052\game1\game1.cpp(315,33): warning C4305: '引数': 'double' から 'GLfloat' へ切り詰めます。
D:\大学\プログラミング演習３\report02_18TI052\game1\game1.cpp(319,33): warning C4305: '引数': 'double' から 'GLfloat' へ切り詰めます。
D:\大学\プログラミング演習３\report02_18TI052\game1\game1.cpp(323,32): warning C4305: '引数': 'double' から 'GLfloat' へ切り詰めます。
D:\大学\プログラミング演習３\report02_18TI052\game1\game1.cpp(326,16): warning C4305: '+=': 'double' から 'float' へ切り詰めます。
D:\大学\プログラミング演習３\report02_18TI052\game1\game1.cpp(341,32): warning C4305: '引数': 'double' から 'GLfloat' へ切り詰めます。
D:\大学\プログラミング演習３\report02_18TI052\game1\game1.cpp(345,33): warning C4305: '引数': 'double' から 'GLfloat' へ切り詰めます。
D:\大学\プログラミング演習３\report02_18TI052\game1\game1.cpp(349,32): warning C4305: '引数': 'double' から 'GLfloat' へ切り詰めます。
D:\大学\プログラミング演習３\report02_18TI052\game1\game1.cpp(353,32): warning C4305: '引数': 'double' から 'GLfloat' へ切り詰めます。
D:\大学\プログラミング演習３\report02_18TI052\game1\game1.cpp(356,16): warning C4305: '+=': 'double' から 'float' へ切り詰めます。
D:\大学\プログラミング演習３\report02_18TI052\game1\game1.cpp(371,32): warning C4305: '引数': 'double' から 'GLfloat' へ切り詰めます。
D:\大学\プログラミング演習３\report02_18TI052\game1\game1.cpp(375,33): warning C4305: '引数': 'double' から 'GLfloat' へ切り詰めます。
D:\大学\プログラミング演習３\report02_18TI052\game1\game1.cpp(379,32): warning C4305: '引数': 'double' から 'GLfloat' へ切り詰めます。
D:\大学\プログラミング演習３\report02_18TI052\game1\game1.cpp(383,32): warning C4305: '引数': 'double' から 'GLfloat' へ切り詰めます。
D:\大学\プログラミング演習３\report02_18TI052\game1\game1.cpp(386,16): warning C4305: '+=': 'double' から 'float' へ切り詰めます。
D:\大学\プログラミング演習３\report02_18TI052\game1\game1.cpp(405,33): warning C4305: '引数': 'double' から 'GLfloat' へ切り詰めます。
D:\大学\プログラミング演習３\report02_18TI052\game1\game1.cpp(409,33): warning C4305: '引数': 'double' から 'GLfloat' へ切り詰めます。
D:\大学\プログラミング演習３\report02_18TI052\game1\game1.cpp(413,32): warning C4305: '引数': 'double' から 'GLfloat' へ切り詰めます。
D:\大学\プログラミング演習３\report02_18TI052\game1\game1.cpp(416,16): warning C4305: '+=': 'double' から 'float' へ切り詰めます。
D:\大学\プログラミング演習３\report02_18TI052\game1\game1.cpp(435,33): warning C4305: '引数': 'double' から 'GLfloat' へ切り詰めます。
D:\大学\プログラミング演習３\report02_18TI052\game1\game1.cpp(439,33): warning C4305: '引数': 'double' から 'GLfloat' へ切り詰めます。
D:\大学\プログラミング演習３\report02_18TI052\game1\game1.cpp(443,32): warning C4305: '引数': 'double' から 'GLfloat' へ切り詰めます。
D:\大学\プログラミング演習３\report02_18TI052\game1\game1.cpp(446,16): warning C4305: '+=': 'double' から 'float' へ切り詰めます。
D:\大学\プログラミング演習３\report02_18TI052\game1\game1.cpp(465,33): warning C4305: '引数': 'double' から 'GLfloat' へ切り詰めます。
D:\大学\プログラミング演習３\report02_18TI052\game1\game1.cpp(469,32): warning C4305: '引数': 'double' から 'GLfloat' へ切り詰めます。
D:\大学\プログラミング演習３\report02_18TI052\game1\game1.cpp(473,32): warning C4305: '引数': 'double' から 'GLfloat' へ切り詰めます。
D:\大学\プログラミング演習３\report02_18TI052\game1\game1.cpp(476,16): warning C4305: '+=': 'double' から 'float' へ切り詰めます。
D:\大学\プログラミング演習３\report02_18TI052\game1\game1.cpp(495,33): warning C4305: '引数': 'double' から 'GLfloat' へ切り詰めます。
D:\大学\プログラミング演習３\report02_18TI052\game1\game1.cpp(499,32): warning C4305: '引数': 'double' から 'GLfloat' へ切り詰めます。
D:\大学\プログラミング演習３\report02_18TI052\game1\game1.cpp(503,32): warning C4305: '引数': 'double' から 'GLfloat' へ切り詰めます。
D:\大学\プログラミング演習３\report02_18TI052\game1\game1.cpp(506,16): warning C4305: '+=': 'double' から 'float' へ切り詰めます。
D:\大学\プログラミング演習３\report02_18TI052\game1\game1.cpp(521,33): warning C4305: '引数': 'double' から 'GLfloat' へ切り詰めます。
D:\大学\プログラミング演習３\report02_18TI052\game1\game1.cpp(525,33): warning C4305: '引数': 'double' から 'GLfloat' へ切り詰めます。
D:\大学\プログラミング演習３\report02_18TI052\game1\game1.cpp(529,32): warning C4305: '引数': 'double' から 'GLfloat' へ切り詰めます。
D:\大学\プログラミング演習３\report02_18TI052\game1\game1.cpp(533,32): warning C4305: '引数': 'double' から 'GLfloat' へ切り詰めます。
D:\大学\プログラミング演習３\report02_18TI052\game1\game1.cpp(536,16): warning C4305: '+=': 'double' から 'float' へ切り詰めます。
D:\大学\プログラミング演習３\report02_18TI052\game1\game1.cpp(564,32): warning C4305: '引数': 'double' から 'GLfloat' へ切り詰めます。
D:\大学\プログラミング演習３\report02_18TI052\game1\game1.cpp(572,33): warning C4305: '引数': 'double' から 'GLfloat' へ切り詰めます。
D:\大学\プログラミング演習３\report02_18TI052\game1\game1.cpp(576,33): warning C4305: '引数': 'double' から 'GLfloat' へ切り詰めます。
D:\大学\プログラミング演習３\report02_18TI052\game1\game1.cpp(579,16): warning C4305: '+=': 'double' から 'float' へ切り詰めます。
D:\大学\プログラミング演習３\report02_18TI052\game1\game1.cpp(594,32): warning C4305: '引数': 'double' から 'GLfloat' へ切り詰めます。
D:\大学\プログラミング演習３\report02_18TI052\game1\game1.cpp(602,33): warning C4305: '引数': 'double' から 'GLfloat' へ切り詰めます。
D:\大学\プログラミング演習３\report02_18TI052\game1\game1.cpp(606,32): warning C4305: '引数': 'double' から 'GLfloat' へ切り詰めます。
D:\大学\プログラミング演習３\report02_18TI052\game1\game1.cpp(609,16): warning C4305: '+=': 'double' から 'float' へ切り詰めます。
D:\大学\プログラミング演習３\report02_18TI052\game1\game1.cpp(624,32): warning C4305: '引数': 'double' から 'GLfloat' へ切り詰めます。
D:\大学\プログラミング演習３\report02_18TI052\game1\game1.cpp(632,33): warning C4305: '引数': 'double' から 'GLfloat' へ切り詰めます。
D:\大学\プログラミング演習３\report02_18TI052\game1\game1.cpp(636,32): warning C4305: '引数': 'double' から 'GLfloat' へ切り詰めます。
D:\大学\プログラミング演習３\report02_18TI052\game1\game1.cpp(639,16): warning C4305: '+=': 'double' から 'float' へ切り詰めます。
D:\大学\プログラミング演習３\report02_18TI052\game1\game1.cpp(654,32): warning C4305: '引数': 'double' から 'GLfloat' へ切り詰めます。
D:\大学\プログラミング演習３\report02_18TI052\game1\game1.cpp(662,33): warning C4305: '引数': 'double' から 'GLfloat' へ切り詰めます。
D:\大学\プログラミング演習３\report02_18TI052\game1\game1.cpp(666,32): warning C4305: '引数': 'double' から 'GLfloat' へ切り詰めます。
D:\大学\プログラミング演習３\report02_18TI052\game1\game1.cpp(669,16): warning C4305: '+=': 'double' から 'float' へ切り詰めます。
D:\大学\プログラミング演習３\report02_18TI052\game1\game1.cpp(684,32): warning C4305: '引数': 'double' から 'GLfloat' へ切り詰めます。
D:\大学\プログラミング演習３\report02_18TI052\game1\game1.cpp(692,33): warning C4305: '引数': 'double' から 'GLfloat' へ切り詰めます。
D:\大学\プログラミング演習３\report02_18TI052\game1\game1.cpp(696,32): warning C4305: '引数': 'double' から 'GLfloat' へ切り詰めます。
D:\大学\プログラミング演習３\report02_18TI052\game1\game1.cpp(699,16): warning C4305: '+=': 'double' から 'float' へ切り詰めます。
D:\大学\プログラミング演習３\report02_18TI052\game1\game1.cpp(714,32): warning C4305: '引数': 'double' から 'GLfloat' へ切り詰めます。
D:\大学\プログラミング演習３\report02_18TI052\game1\game1.cpp(722,32): warning C4305: '引数': 'double' から 'GLfloat' へ切り詰めます。
D:\大学\プログラミング演習３\report02_18TI052\game1\game1.cpp(726,33): warning C4305: '引数': 'double' から 'GLfloat' へ切り詰めます。
D:\大学\プログラミング演習３\report02_18TI052\game1\game1.cpp(729,16): warning C4305: '+=': 'double' から 'float' へ切り詰めます。
D:\大学\プログラミング演習３\report02_18TI052\game1\game1.cpp(744,32): warning C4305: '引数': 'double' から 'GLfloat' へ切り詰めます。
D:\大学\プログラミング演習３\report02_18TI052\game1\game1.cpp(748,33): warning C4305: '引数': 'double' から 'GLfloat' へ切り詰めます。
D:\大学\プログラミング演習３\report02_18TI052\game1\game1.cpp(752,33): warning C4305: '引数': 'double' から 'GLfloat' へ切り詰めます。
D:\大学\プログラミング演習３\report02_18TI052\game1\game1.cpp(756,32): warning C4305: '引数': 'double' から 'GLfloat' へ切り詰めます。
D:\大学\プログラミング演習３\report02_18TI052\game1\game1.cpp(759,16): warning C4305: '+=': 'double' から 'float' へ切り詰めます。
D:\大学\プログラミング演習３\report02_18TI052\game1\game1.cpp(774,32): warning C4305: '引数': 'double' から 'GLfloat' へ切り詰めます。
D:\大学\プログラミング演習３\report02_18TI052\game1\game1.cpp(778,33): warning C4305: '引数': 'double' から 'GLfloat' へ切り詰めます。
D:\大学\プログラミング演習３\report02_18TI052\game1\game1.cpp(782,33): warning C4305: '引数': 'double' から 'GLfloat' へ切り詰めます。
D:\大学\プログラミング演習３\report02_18TI052\game1\game1.cpp(786,32): warning C4305: '引数': 'double' から 'GLfloat' へ切り詰めます。
D:\大学\プログラミング演習３\report02_18TI052\game1\game1.cpp(789,16): warning C4305: '+=': 'double' から 'float' へ切り詰めます。
D:\大学\プログラミング演習３\report02_18TI052\game1\game1.cpp(804,32): warning C4305: '引数': 'double' から 'GLfloat' へ切り詰めます。
D:\大学\プログラミング演習３\report02_18TI052\game1\game1.cpp(808,33): warning C4305: '引数': 'double' から 'GLfloat' へ切り詰めます。
D:\大学\プログラミング演習３\report02_18TI052\game1\game1.cpp(812,32): warning C4305: '引数': 'double' から 'GLfloat' へ切り詰めます。
D:\大学\プログラミング演習３\report02_18TI052\game1\game1.cpp(816,32): warning C4305: '引数': 'double' から 'GLfloat' へ切り詰めます。
D:\大学\プログラミング演習３\report02_18TI052\game1\game1.cpp(819,16): warning C4305: '+=': 'double' から 'float' へ切り詰めます。
D:\大学\プログラミング演習３\report02_18TI052\game1\game1.cpp(834,32): warning C4305: '引数': 'double' から 'GLfloat' へ切り詰めます。
D:\大学\プログラミング演習３\report02_18TI052\game1\game1.cpp(838,33): warning C4305: '引数': 'double' から 'GLfloat' へ切り詰めます。
D:\大学\プログラミング演習３\report02_18TI052\game1\game1.cpp(842,32): warning C4305: '引数': 'double' から 'GLfloat' へ切り詰めます。
D:\大学\プログラミング演習３\report02_18TI052\game1\game1.cpp(846,32): warning C4305: '引数': 'double' から 'GLfloat' へ切り詰めます。
D:\大学\プログラミング演習３\report02_18TI052\game1\game1.cpp(849,16): warning C4305: '+=': 'double' から 'float' へ切り詰めます。
D:\大学\プログラミング演習３\report02_18TI052\game1\game1.cpp(868,33): warning C4305: '引数': 'double' から 'GLfloat' へ切り詰めます。
D:\大学\プログラミング演習３\report02_18TI052\game1\game1.cpp(872,33): warning C4305: '引数': 'double' から 'GLfloat' へ切り詰めます。
D:\大学\プログラミング演習３\report02_18TI052\game1\game1.cpp(876,32): warning C4305: '引数': 'double' から 'GLfloat' へ切り詰めます。
D:\大学\プログラミング演習３\report02_18TI052\game1\game1.cpp(879,16): warning C4305: '+=': 'double' から 'float' へ切り詰めます。
D:\大学\プログラミング演習３\report02_18TI052\game1\game1.cpp(898,33): warning C4305: '引数': 'double' から 'GLfloat' へ切り詰めます。
D:\大学\プログラミング演習３\report02_18TI052\game1\game1.cpp(902,33): warning C4305: '引数': 'double' から 'GLfloat' へ切り詰めます。
D:\大学\プログラミング演習３\report02_18TI052\game1\game1.cpp(906,32): warning C4305: '引数': 'double' から 'GLfloat' へ切り詰めます。
D:\大学\プログラミング演習３\report02_18TI052\game1\game1.cpp(909,16): warning C4305: '+=': 'double' から 'float' へ切り詰めます。
D:\大学\プログラミング演習３\report02_18TI052\game1\game1.cpp(928,33): warning C4305: '引数': 'double' から 'GLfloat' へ切り詰めます。
D:\大学\プログラミング演習３\report02_18TI052\game1\game1.cpp(932,32): warning C4305: '引数': 'double' から 'GLfloat' へ切り詰めます。
D:\大学\プログラミング演習３\report02_18TI052\game1\game1.cpp(936,32): warning C4305: '引数': 'double' から 'GLfloat' へ切り詰めます。
D:\大学\プログラミング演習３\report02_18TI052\game1\game1.cpp(939,16): warning C4305: '+=': 'double' から 'float' へ切り詰めます。
D:\大学\プログラミング演習３\report02_18TI052\game1\game1.cpp(958,33): warning C4305: '引数': 'double' から 'GLfloat' へ切り詰めます。
D:\大学\プログラミング演習３\report02_18TI052\game1\game1.cpp(962,32): warning C4305: '引数': 'double' から 'GLfloat' へ切り詰めます。
D:\大学\プログラミング演習３\report02_18TI052\game1\game1.cpp(966,32): warning C4305: '引数': 'double' から 'GLfloat' へ切り詰めます。
D:\大学\プログラミング演習３\report02_18TI052\game1\game1.cpp(969,16): warning C4305: '+=': 'double' から 'float' へ切り詰めます。
D:\大学\プログラミング演習３\report02_18TI052\game1\game1.cpp(984,33): warning C4305: '引数': 'double' から 'GLfloat' へ切り詰めます。
D:\大学\プログラミング演習３\report02_18TI052\game1\game1.cpp(988,33): warning C4305: '引数': 'double' から 'GLfloat' へ切り詰めます。
D:\大学\プログラミング演習３\report02_18TI052\game1\game1.cpp(992,32): warning C4305: '引数': 'double' から 'GLfloat' へ切り詰めます。
D:\大学\プログラミング演習３\report02_18TI052\game1\game1.cpp(996,32): warning C4305: '引数': 'double' から 'GLfloat' へ切り詰めます。
D:\大学\プログラミング演習３\report02_18TI052\game1\game1.cpp(999,16): warning C4305: '+=': 'double' から 'float' へ切り詰めます。
D:\大学\プログラミング演習３\report02_18TI052\game1\game1.cpp(1034,44): warning C4305: '初期化中': 'double' から 'GLfloat' へ切り詰めます。
D:\大学\プログラミング演習３\report02_18TI052\game1\game1.cpp(1036,28): warning C4305: '引数': 'double' から 'GLfloat' へ切り詰めます。
D:\大学\プログラミング演習３\report02_18TI052\game1\game1.cpp(1054,59): warning C4305: '初期化中': 'double' から 'GLfloat' へ切り詰めます。
D:\大学\プログラミング演習３\report02_18TI052\game1\game1.cpp(1056,59): warning C4305: '初期化中': 'double' から 'GLfloat' へ切り詰めます。
D:\大学\プログラミング演習３\report02_18TI052\game1\game1.cpp(1058,59): warning C4305: '初期化中': 'double' から 'GLfloat' へ切り詰めます。
D:\大学\プログラミング演習３\report02_18TI052\game1\game1.cpp(1060,38): warning C4305: '初期化中': 'double' から 'GLfloat' へ切り詰めます。
D:\大学\プログラミング演習３\report02_18TI052\game1\game1.cpp(1065,14): warning C4305: '=': 'double' から 'float' へ切り詰めます。
D:\大学\プログラミング演習３\report02_18TI052\game1\game1.cpp(1067,15): warning C4305: '=': 'double' から 'float' へ切り詰めます。
D:\大学\プログラミング演習３\report02_18TI052\game1\game1.cpp(1072,18): warning C4244: '=': 'double' から 'float' への変換です。データが失われる可能性があります。
D:\大学\プログラミング演習３\report02_18TI052\game1\game1.cpp(1076,15): warning C4305: '=': 'double' から 'float' へ切り詰めます。
D:\大学\プログラミング演習３\report02_18TI052\game1\game1.cpp(1084,16): warning C4305: '+=': 'double' から 'float' へ切り詰めます。
D:\大学\プログラミング演習３\report02_18TI052\game1\game1.cpp(1086,16): warning C4305: '-=': 'double' から 'float' へ切り詰めます。
D:\大学\プログラミング演習３\report02_18TI052\game1\game1.cpp(1093,15): warning C4305: '-=': 'double' から 'float' へ切り詰めます。
D:\大学\プログラミング演習３\report02_18TI052\game1\game1.cpp(1098,15): warning C4305: '+=': 'double' から 'float' へ切り詰めます。
D:\大学\プログラミング演習３\report02_18TI052\game1\game1.cpp(1108,44): warning C4305: '初期化中': 'double' から 'GLfloat' へ切り詰めます。
D:\大学\プログラミング演習３\report02_18TI052\game1\game1.cpp(1119,44): warning C4305: '初期化中': 'double' から 'GLfloat' へ切り詰めます。
D:\大学\プログラミング演習３\report02_18TI052\game1\game1.cpp(1130,44): warning C4305: '初期化中': 'double' から 'GLfloat' へ切り詰めます。
D:\大学\プログラミング演習３\report02_18TI052\game1\game1.cpp(1148,46): warning C4305: '初期化中': 'double' から 'GLfloat' へ切り詰めます。
D:\大学\プログラミング演習３\report02_18TI052\game1\game1.cpp(1150,46): warning C4305: '初期化中': 'double' から 'GLfloat' へ切り詰めます。
  game1.vcxproj -> D:\大学\プログラミング演習３\report02_18TI052\game1\Debug\game1.exe
